<?xml version="1.0" encoding="UTF-8"?>
<!-- Generated by org.testng.reporters.JUnitXMLReporter -->
<testsuite ignored="26" hostname="Mac" failures="0" tests="0" time="0.004" errors="0" timestamp="2025-08-23T20:56:41 AST">
  <testcase classname="tests.PlaceOrder_RegisterWhileCheckoutTC" name="PlaceOrder_RegisterWhileCheckoutScenario" time="0.0">
    <ignored/>
  </testcase> <!-- PlaceOrder_RegisterWhileCheckoutScenario -->
  <testcase classname="tests.PlaceOrder_RegisterBeforeCheckoutTC" name="PlaceOrder_RegisterBeforeCheckoutScenario" time="0.0">
    <ignored/>
  </testcase> <!-- PlaceOrder_RegisterBeforeCheckoutScenario -->
  <testcase classname="tests.LogOutTC" name="LogOUT" time="0.0">
    <ignored/>
  </testcase> <!-- LogOUT -->
  <testcase classname="tests.LoginWithInValidUserScenario" name="LoginWithInValidUserCredentials" time="0.0">
    <ignored/>
  </testcase> <!-- LoginWithInValidUserCredentials -->
  <testcase classname="tests.DownloadInvoiceAfterPurchaseOrderTC" name="downloadInvoiceAfterPurchaseOrderScenario" time="0.0">
    <ignored/>
  </testcase> <!-- downloadInvoiceAfterPurchaseOrderScenario -->
  <testcase classname="tests.VerifyScrollUpWithoutArrowButtonAndScrollDownFunctionalityTC" name="VerifyScrollUpWithoutArrowButtonAndScrollDownFunctionalityScenario" time="0.0">
    <ignored/>
  </testcase> <!-- VerifyScrollUpWithoutArrowButtonAndScrollDownFunctionalityScenario -->
  <testcase classname="tests.RegisterWithExistingMailTC" name="signUp" time="0.0">
    <ignored/>
  </testcase> <!-- signUp -->
  <testcase classname="tests.AddProductInCartTC" name="subscriptionFromQartPageScenario" time="0.0">
    <ignored/>
  </testcase> <!-- subscriptionFromQartPageScenario -->
  <testcase classname="tests.VerifyAddressDetailsInCheckoutPageTC" name="VerifyAddressDetailsInCheckoutPageScenario" time="0.0">
    <ignored/>
  </testcase> <!-- VerifyAddressDetailsInCheckoutPageScenario -->
  <testcase classname="tests.LoginWithValidUserTC" name="LoginWithValidUserCredentials" time="0.0">
    <ignored/>
  </testcase> <!-- LoginWithValidUserCredentials -->
  <testcase classname="tests.SearchProductsAndVerifyCartAfterLoginTC" name="SearchProductsAndVerifyCartAfterLoginScenario" time="0.0">
    <ignored/>
  </testcase> <!-- SearchProductsAndVerifyCartAfterLoginScenario -->
  <testcase classname="tests.ViewAndCartBrandProductsTC" name="vViewAndCartBrandProductsScenario" time="0.0">
    <ignored/>
  </testcase> <!-- vViewAndCartBrandProductsScenario -->
  <testcase classname="tests.SearchProductTC" name="SearchedProductScenario" time="0.0">
    <ignored/>
  </testcase> <!-- SearchedProductScenario -->
  <testcase classname="tests.VerifyTestCasesTC" name="verifyTestCasesScreenScenario" time="0.0">
    <ignored/>
  </testcase> <!-- verifyTestCasesScreenScenario -->
  <testcase classname="tests.PlaceOrder_LoginBeforeCheckoutTC" name="PlaceOrder_LoginBeforeCheckoutScenario" time="0.0">
    <ignored/>
  </testcase> <!-- PlaceOrder_LoginBeforeCheckoutScenario -->
  <testcase classname="tests.VerifySubscriptionFromHomePageTC" name="verifySubscriptionFromHomePageScenario" time="0.0">
    <ignored/>
  </testcase> <!-- verifySubscriptionFromHomePageScenario -->
  <testcase classname="tests.ContactUsTC" name="contactUsScenario" time="0.0">
    <ignored/>
  </testcase> <!-- contactUsScenario -->
  <testcase classname="tests.RemoveProductsFromCartTC" name="removeProductsFromCartScenario" time="0.0">
    <ignored/>
  </testcase> <!-- removeProductsFromCartScenario -->
  <testcase classname="tests.AddReviewOnProductScenario$AddReviewOnProductTC" name="AddReviewOnProductScenario" time="0.0">
    <ignored/>
  </testcase> <!-- AddReviewOnProductScenario -->
  <testcase classname="tests.RegisterTC" name="signUp" time="0.0">
    <ignored/>
  </testcase> <!-- signUp -->
  <testcase classname="tests.ViewCategoryProductsTC" name="viewCategoryProductsScenario" time="0.0">
    <ignored/>
  </testcase> <!-- viewCategoryProductsScenario -->
  <testcase classname="tests.VerifyScrollUpusingArrowbuttonAndScrollDownFunctionalityTC" name="verifyScrollUpusingArrowbuttonAndScrollDownFunctionalityScenario" time="0.0">
    <ignored/>
  </testcase> <!-- verifyScrollUpusingArrowbuttonAndScrollDownFunctionalityScenario -->
  <testcase classname="tests.AddReviewOnProductTC" name="AddReviewOnProductScenario" time="0.0">
    <ignored/>
  </testcase> <!-- AddReviewOnProductScenario -->
  <testcase classname="tests.VerifySubscriptionFromQartPageTC" name="subscriptionFromQartPageScenario" time="0.0">
    <ignored/>
  </testcase> <!-- subscriptionFromQartPageScenario -->
  <testcase classname="tests.VerifyProductQuantityInCartTC" name="VerifyProductQuantityInCartScenario" time="0.0">
    <ignored/>
  </testcase> <!-- VerifyProductQuantityInCartScenario -->
  <testcase classname="tests.AllProductsTC" name="verifyAllProductsAndProductDetailPageScenario" time="0.0">
    <ignored/>
  </testcase> <!-- verifyAllProductsAndProductDetailPageScenario -->
</testsuite>
