<?xml version="1.0" encoding="UTF-8"?>
<!-- Generated by org.testng.reporters.JUnitXMLReporter -->
<testsuite ignored="2" hostname="Mahmouds-MacBook-Air.local" failures="1" tests="23" name="regression Tests" time="0.051" errors="0" timestamp="2025-09-07T12:31:11 AST">
  <testcase classname="tests.VerifyScrollUpusingArrowbuttonAndScrollDownFunctionalityTC" name="verifyScrollUpusingArrowbuttonAndScrollDownFunctionalityScenario" time="0.006"/>
  <testcase classname="tests.VerifyScrollUpWithoutArrowButtonAndScrollDownFunctionalityTC" name="VerifyScrollUpWithoutArrowButtonAndScrollDownFunctionalityScenario" time="0.001"/>
  <testcase classname="tests.VerifyAddressDetailsInCheckoutPageTC" name="VerifyAddressDetailsInCheckoutPageScenario" time="0.002">
    <failure type="java.lang.Error" message="Unresolved compilation problem: 
	The method clickOnproceedToCheckOutButton(Duration) is undefined for the type QartPage
">
      <![CDATA[java.lang.Error: Unresolved compilation problem: 
The method clickOnproceedToCheckOutButton(Duration) is undefined for the type QartPage

at tests.VerifyAddressDetailsInCheckoutPageTC.VerifyAddressDetailsInCheckoutPageScenario(VerifyAddressDetailsInCheckoutPageTC.java:143)
at java.base/java.util.ArrayList.forEach(ArrayList.java:1596)
... Removed 25 stack frames]]>
    </failure>
  </testcase> <!-- VerifyAddressDetailsInCheckoutPageScenario -->
  <testcase classname="tests.RegisterWithExistingMailTC" name="registerWithExistingMailScenario" time="0.002"/>
  <testcase classname="tests.ContactUsTC" name="contactUsScenario" time="0.001"/>
  <testcase classname="tests.VerifyAllProductsAndProductDetailPageTC" name="verifyAllProductsAndProductDetailPageScenario" time="0.001"/>
  <testcase classname="tests.LoginWithValidUserTC" name="LoginWithValidUserCredentials" time="0.001"/>
  <testcase classname="tests.PlaceOrder_RegisterBeforeCheckoutTC" name="PlaceOrder_RegisterBeforeCheckoutScenario" time="0.0"/>
  <testcase classname="tests.LoginWithInValidUserTC" name="loginWithInValidUserCredentialsScenario" time="0.0"/>
  <testcase classname="tests.RegisterTC" name="signUp" time="0.0"/>
  <testcase classname="tests.VerifyProductQuantityInCartTC" name="VerifyProductQuantityInCartScenario" time="0.0"/>
  <testcase classname="tests.LogOutTC" name="LogOUT" time="0.0"/>
  <testcase classname="tests.AddProductInCartTC" name="AddProductInCartScenario" time="0.0"/>
  <testcase classname="tests.ViewCategoryProductsTC" name="viewCategoryProductsScenario" time="0.0"/>
  <testcase classname="tests.AddReviewOnProductTC" name="AddReviewOnProductScenario" time="0.001"/>
  <testcase classname="tests.SearchProductsAndVerifyCartAfterLoginTC" name="SearchProductsAndVerifyCartAfterLoginScenario" time="0.001"/>
  <testcase classname="tests.VerifySubscriptionFromQartPageTC" name="verifySubscriptionFromQartPageScenario" time="0.001"/>
  <testcase classname="tests.PlaceOrder_RegisterWhileCheckoutTC" name="PlaceOrder_RegisterWhileCheckoutScenario" time="0.0"/>
  <testcase classname="tests.VerifySubscriptionFromHomePageTC" name="verifySubscriptionFromHomePageScenario" time="0.0"/>
  <testcase classname="tests.RemoveProductsFromCartTC" name="removeProductsFromCartScenario" time="0.0"/>
  <testcase classname="tests.SearchProductTC" name="SearchedProductScenario" time="0.0"/>
  <testcase classname="tests.VerifyTestCasesTC" name="verifyTestCasesScreenScenario" time="0.001"/>
  <testcase classname="tests.PlaceOrder_LoginBeforeCheckoutTC" name="PlaceOrder_LoginBeforeCheckoutScenario" time="0.001"/>
  <testcase classname="tests.ViewAndCartBrandProductsTC" name="viewAndCartBrandProductsScenario" time="0.0">
    <ignored/>
  </testcase> <!-- viewAndCartBrandProductsScenario -->
  <testcase classname="tests.DownloadInvoiceAfterPurchaseOrderTC" name="downloadInvoiceAfterPurchaseOrderScenario" time="0.0">
    <ignored/>
  </testcase> <!-- downloadInvoiceAfterPurchaseOrderScenario -->
</testsuite> <!-- regression Tests -->
