<?xml version="1.0" encoding="UTF-8"?>
<!-- Generated by org.testng.reporters.JUnitXMLReporter -->
<testsuite ignored="0" hostname="Mahmouds-MacBook-Air.local" failures="1" tests="1" name="RegressionTests" time="5.321" errors="0" timestamp="2025-07-19T16:36:33 AST">
  <testcase classname="tests.VerifySubscriptionTC" name="SearchedProductScenario" time="0.023">
    <failure type="java.lang.Error" message="Unresolved compilation problems: 
	Cannot make a static reference to the non-static field action
	Cannot make a static reference to the non-static field action
">
      <![CDATA[java.lang.Error: Unresolved compilation problems: 
Cannot make a static reference to the non-static field action
Cannot make a static reference to the non-static field action

at utilities.browserUtils.scrollToElement(browserUtils.java:33)
at pages.HomePage.scrollToSubscribeField(HomePage.java:128)
at tests.VerifySubscriptionTC.SearchedProductScenario(VerifySubscriptionTC.java:37)
at java.base/java.util.ArrayList.forEach(ArrayList.java:1596)
... Removed 25 stack frames]]>
    </failure>
  </testcase> <!-- SearchedProductScenario -->
</testsuite> <!-- RegressionTests -->
