<?xml version="1.0" encoding="UTF-8"?>
<testng-results ignored="0" total="1" passed="1" failed="0" skipped="0">
  <reporter-output>
  </reporter-output>
  <suite started-at="2025-07-18T18:45:43 AST" name="AutomationSuite" finished-at="2025-07-18T18:46:25 AST" duration-ms="42527">
    <groups>
    </groups>
    <test started-at="2025-07-18T18:45:43 AST" name="RegressionTests" finished-at="2025-07-18T18:46:25 AST" duration-ms="42527">
      <class name="tests.SearchProductTC">
        <test-method is-config="true" signature="openBrowser()[pri:0, instance:tests.SearchProductTC@660acfb]" started-at="2025-07-18T18:45:43 AST" name="openBrowser" finished-at="2025-07-18T18:46:18 AST" duration-ms="35466" status="PASS">
          <reporter-output>
          </reporter-output>
        </test-method> <!-- openBrowser -->
        <test-method signature="SearchedProductScenario()[pri:0, instance:tests.SearchProductTC@660acfb]" started-at="2025-07-18T18:46:18 AST" name="SearchedProductScenario" finished-at="2025-07-18T18:46:25 AST" duration-ms="7036" status="PASS">
          <reporter-output>
          </reporter-output>
        </test-method> <!-- SearchedProductScenario -->
      </class> <!-- tests.SearchProductTC -->
    </test> <!-- RegressionTests -->
  </suite> <!-- AutomationSuite -->
</testng-results>
